Using pre-set license
Built from '2021.3/staging' branch; Version is '2021.3.26f1 (a16dc32e0ff2) revision 10579395'; Using compiler version '192829333'; Build Type 'Release'
OS: 'Windows 10  (10.0.19045) 64bit Core' Language: 'ru' Physical Memory: 16239 MB
BatchMode: 1, IsHumanControllingUs: 0, StartBugReporterOnCrash: 0, Is64bit: 1, IsPro: 1

COMMAND LINE ARGUMENTS:
E:\UnityHub\HubEditor\2021.3.26f1\Editor\Unity.exe
-adb2
-batchMode
-noUpm
-name
AssetImportWorker11
-projectPath
E:/Silver/Documents/Unity Projects/My project (1)
-logFile
Logs/AssetImportWorker11.log
-srvPort
63555
Successfully changed project path to: E:/Silver/Documents/Unity Projects/My project (1)
E:/Silver/Documents/Unity Projects/My project (1)
[UnityMemory] Configuration Parameters - Can be set up in boot.config
    "memorysetup-bucket-allocator-granularity=16"
    "memorysetup-bucket-allocator-bucket-count=8"
    "memorysetup-bucket-allocator-block-size=33554432"
    "memorysetup-bucket-allocator-block-count=8"
    "memorysetup-main-allocator-block-size=16777216"
    "memorysetup-thread-allocator-block-size=16777216"
    "memorysetup-gfx-main-allocator-block-size=16777216"
    "memorysetup-gfx-thread-allocator-block-size=16777216"
    "memorysetup-cache-allocator-block-size=4194304"
    "memorysetup-typetree-allocator-block-size=2097152"
    "memorysetup-profiler-bucket-allocator-granularity=16"
    "memorysetup-profiler-bucket-allocator-bucket-count=8"
    "memorysetup-profiler-bucket-allocator-block-size=33554432"
    "memorysetup-profiler-bucket-allocator-block-count=8"
    "memorysetup-profiler-allocator-block-size=16777216"
    "memorysetup-profiler-editor-allocator-block-size=1048576"
    "memorysetup-temp-allocator-size-main=16777216"
    "memorysetup-job-temp-allocator-block-size=2097152"
    "memorysetup-job-temp-allocator-block-size-background=1048576"
    "memorysetup-job-temp-allocator-reduction-small-platforms=262144"
    "memorysetup-temp-allocator-size-background-worker=32768"
    "memorysetup-temp-allocator-size-job-worker=262144"
    "memorysetup-temp-allocator-size-preload-manager=33554432"
    "memorysetup-temp-allocator-size-nav-mesh-worker=65536"
    "memorysetup-temp-allocator-size-audio-worker=65536"
    "memorysetup-temp-allocator-size-cloud-worker=32768"
    "memorysetup-temp-allocator-size-gi-baking-worker=262144"
    "memorysetup-temp-allocator-size-gfx=262144"
Player connection [26012] Host "[IP] 192.168.0.220 [Port] 0 [Flags] 2 [Guid] 3041082488 [EditorId] 3041082488 [Version] 1048832 [Id] WindowsEditor(7,DESKTOP-E6BA73Q) [Debug] 1 [PackageName] WindowsEditor [ProjectName] Editor" joined multi-casting on [225.0.0.222:54997]...

Player connection [26012] Host "[IP] 192.168.0.220 [Port] 0 [Flags] 2 [Guid] 3041082488 [EditorId] 3041082488 [Version] 1048832 [Id] WindowsEditor(7,DESKTOP-E6BA73Q) [Debug] 1 [PackageName] WindowsEditor [ProjectName] Editor" joined alternative multi-casting on [225.0.0.222:34997]...

Refreshing native plugins compatible for Editor in 60.08 ms, found 3 plugins.
Preloading 0 native plugins for Editor in 0.00 ms.
Initialize engine version: 2021.3.26f1 (a16dc32e0ff2)
[Subsystems] Discovering subsystems at path E:/UnityHub/HubEditor/2021.3.26f1/Editor/Data/Resources/UnitySubsystems
[Subsystems] Discovering subsystems at path E:/Silver/Documents/Unity Projects/My project (1)/Assets
GfxDevice: creating device client; threaded=0; jobified=0
Direct3D:
    Version:  Direct3D 11.0 [level 11.1]
    Renderer: NVIDIA GeForce GTX 970 (ID=0x13c2)
    Vendor:   NVIDIA
    VRAM:     4037 MB
    Driver:   31.0.15.3640
Initialize mono
Mono path[0] = 'E:/UnityHub/HubEditor/2021.3.26f1/Editor/Data/Managed'
Mono path[1] = 'E:/UnityHub/HubEditor/2021.3.26f1/Editor/Data/MonoBleedingEdge/lib/mono/unityjit-win32'
Mono config path = 'E:/UnityHub/HubEditor/2021.3.26f1/Editor/Data/MonoBleedingEdge/etc'
Using monoOptions --debugger-agent=transport=dt_socket,embedding=1,server=y,suspend=n,address=127.0.0.1:56284
Begin MonoManager ReloadAssembly
Registering precompiled unity dll's ...
Register platform support module: E:/UnityHub/HubEditor/2021.3.26f1/Editor/Data/PlaybackEngines/AndroidPlayer/UnityEditor.Android.Extensions.dll
Register platform support module: E:/UnityHub/HubEditor/2021.3.26f1/Editor/Data/PlaybackEngines/WindowsStandaloneSupport/UnityEditor.WindowsStandalone.Extensions.dll
Registered in 0.002395 seconds.
Native extension for WindowsStandalone target not found
Native extension for Android target not found
Android Extension - Scanning For ADB Devices 260 ms
Refreshing native plugins compatible for Editor in 63.12 ms, found 3 plugins.
Preloading 0 native plugins for Editor in 0.00 ms.
Mono: successfully reloaded assembly
- Completed reload, in  0.811 seconds
Domain Reload Profiling:
	ReloadAssembly (812ms)
		BeginReloadAssembly (99ms)
			ExecutionOrderSort (0ms)
			DisableScriptedObjects (0ms)
			BackupInstance (0ms)
			ReleaseScriptingObjects (0ms)
			CreateAndSetChildDomain (1ms)
		EndReloadAssembly (647ms)
			LoadAssemblies (99ms)
			RebuildTransferFunctionScriptingTraits (0ms)
			SetupTypeCache (76ms)
			ReleaseScriptCaches (0ms)
			RebuildScriptCaches (21ms)
			SetupLoadedEditorAssemblies (508ms)
				LogAssemblyErrors (0ms)
				InitializePlatformSupportModulesInManaged (329ms)
				SetLoadedEditorAssemblies (0ms)
				RefreshPlugins (63ms)
				BeforeProcessingInitializeOnLoad (1ms)
				ProcessInitializeOnLoadAttributes (77ms)
				ProcessInitializeOnLoadMethodAttributes (37ms)
				AfterProcessingInitializeOnLoad (0ms)
				EditorAssembliesLoaded (0ms)
			ExecutionOrderSort2 (0ms)
			AwakeInstancesAfterBackupRestoration (0ms)
Platform modules already initialized, skipping
Registering precompiled user dll's ...
Registered in 0.004033 seconds.
Begin MonoManager ReloadAssembly
Symbol file LoadedFromMemory doesn't match image E:\Silver\Documents\Unity Projects\My project (1)\Library\PackageCache\com.unity.visualscripting@1.8.0\Editor\VisualScripting.Core\Dependencies\YamlDotNet\Unity.VisualScripting.YamlDotNet.dll
Symbol file LoadedFromMemory doesn't match image E:\Silver\Documents\Unity Projects\My project (1)\Library\PackageCache\com.unity.visualscripting@1.8.0\Editor\VisualScripting.Core\Dependencies\DotNetZip\Unity.VisualScripting.IonicZip.dll
Native extension for WindowsStandalone target not found
Native extension for Android target not found
Refreshing native plugins compatible for Editor in 0.75 ms, found 3 plugins.
Preloading 0 native plugins for Editor in 0.00 ms.
Mono: successfully reloaded assembly
- Completed reload, in  0.908 seconds
Domain Reload Profiling:
	ReloadAssembly (909ms)
		BeginReloadAssembly (133ms)
			ExecutionOrderSort (0ms)
			DisableScriptedObjects (5ms)
			BackupInstance (0ms)
			ReleaseScriptingObjects (0ms)
			CreateAndSetChildDomain (20ms)
		EndReloadAssembly (691ms)
			LoadAssemblies (116ms)
			RebuildTransferFunctionScriptingTraits (0ms)
			SetupTypeCache (247ms)
			ReleaseScriptCaches (0ms)
			RebuildScriptCaches (53ms)
			SetupLoadedEditorAssemblies (287ms)
				LogAssemblyErrors (0ms)
				InitializePlatformSupportModulesInManaged (15ms)
				SetLoadedEditorAssemblies (1ms)
				RefreshPlugins (1ms)
				BeforeProcessingInitializeOnLoad (61ms)
				ProcessInitializeOnLoadAttributes (190ms)
				ProcessInitializeOnLoadMethodAttributes (18ms)
				AfterProcessingInitializeOnLoad (2ms)
				EditorAssembliesLoaded (0ms)
			ExecutionOrderSort2 (0ms)
			AwakeInstancesAfterBackupRestoration (6ms)
Platform modules already initialized, skipping
========================================================================
Worker process is ready to serve import requests
Launched and connected shader compiler UnityShaderCompiler.exe after 0.04 seconds
Refreshing native plugins compatible for Editor in 0.78 ms, found 3 plugins.
Preloading 0 native plugins for Editor in 0.00 ms.
Unloading 3198 Unused Serialized files (Serialized files now loaded: 0)
Unloading 34 unused Assets / (1.5 MB). Loaded Objects now: 3677.
Memory consumption went from 137.3 MB to 135.8 MB.
Total: 2.612300 ms (FindLiveObjects: 0.215200 ms CreateObjectMapping: 0.109200 ms MarkObjects: 1.992800 ms  DeleteObjects: 0.294600 ms)

AssetImportParameters requested are different than current active one (requested -> active):
  custom:video-decoder-ogg-theora: a1e56fd34408186e4bbccfd4996cb3dc -> 
  custom:container-muxer-webm: aa71ff27fc2769a1b78a27578f13a17b -> 
  custom:container-demuxer-webm: 4f35f7cbe854078d1ac9338744f61a02 -> 
  custom:video-encoder-webm-vp8: eb34c28f22e8b96e1ab97ce403110664 -> 
  custom:audio-encoder-webm-vorbis: bf7c407c2cedff20999df2af8eb42d56 -> 
  custom:framework-win-MediaFoundation: 216162199b28c13a410421893ffa2e32 -> 
  custom:container-demuxer-ogg: 62fdf1f143b41e24485cea50d1cbac27 -> 
  custom:video-decoder-webm-vp8: 9c59270c3fd7afecdb556c50c9e8de78 -> 
  custom:audio-decoder-ogg-vorbis: bf7c407c2cedff20999df2af8eb42d56 -> 
========================================================================
Received Import Request.
  Time since last request: 1130922.242340 seconds.
  path: Assets/WoodsLifestyle/Models/Props/Water/Jetty
  artifactKey: Guid(752cab270cabff14c866391c376d5b1c) Importer(815301076,1909f56bfc062723c751e8b465ee728b)
Start importing Assets/WoodsLifestyle/Models/Props/Water/Jetty using Guid(752cab270cabff14c866391c376d5b1c) Importer(815301076,1909f56bfc062723c751e8b465ee728b)  -> (artifact id: '1013fcf8878abe1f39e6f6c86d1014ff') in 0.011611 seconds 
========================================================================
Received Import Request.
  Time since last request: 0.075755 seconds.
  path: Assets/WoodsLifestyle/Models/Props/Water/Jetty/JettiBoard_01_a.fbx
  artifactKey: Guid(116dcdac0421b4a4f8441b5231d45c58) Importer(815301076,1909f56bfc062723c751e8b465ee728b)
Start importing Assets/WoodsLifestyle/Models/Props/Water/Jetty/JettiBoard_01_a.fbx using Guid(116dcdac0421b4a4f8441b5231d45c58) Importer(815301076,1909f56bfc062723c751e8b465ee728b)  -> (artifact id: '7a47cf44763f5f5fde85ead32888590f') in 0.124623 seconds 
========================================================================
Received Import Request.
  Time since last request: 0.000023 seconds.
  path: Assets/WoodsLifestyle/Models/Props/Water/Jetty/JettiBoard_Turn_02_a.fbx
  artifactKey: Guid(d58ca8c033762044eb5b96685ff6194d) Importer(815301076,1909f56bfc062723c751e8b465ee728b)
Start importing Assets/WoodsLifestyle/Models/Props/Water/Jetty/JettiBoard_Turn_02_a.fbx using Guid(d58ca8c033762044eb5b96685ff6194d) Importer(815301076,1909f56bfc062723c751e8b465ee728b)  -> (artifact id: 'be6138464602be56f7ef801d8cca4827') in 0.020397 seconds 
========================================================================
Received Import Request.
  Time since last request: 0.000024 seconds.
  path: Assets/WoodsLifestyle/Models/Props/Water/Jetty/JettiBoard_05_a.fbx
  artifactKey: Guid(6c771dfba342ee942904051bf673e715) Importer(815301076,1909f56bfc062723c751e8b465ee728b)
Start importing Assets/WoodsLifestyle/Models/Props/Water/Jetty/JettiBoard_05_a.fbx using Guid(6c771dfba342ee942904051bf673e715) Importer(815301076,1909f56bfc062723c751e8b465ee728b)  -> (artifact id: '4aba9e5b03eea3673db2e15d0152ab61') in 0.026131 seconds 
========================================================================
Received Import Request.
  Time since last request: 0.000014 seconds.
  path: Assets/WoodsLifestyle/Models/Props/Water/Jetty/JettiBoard_03_a.fbx
  artifactKey: Guid(46caab30b6f05504a80fcc1a50c1fd36) Importer(815301076,1909f56bfc062723c751e8b465ee728b)
Start importing Assets/WoodsLifestyle/Models/Props/Water/Jetty/JettiBoard_03_a.fbx using Guid(46caab30b6f05504a80fcc1a50c1fd36) Importer(815301076,1909f56bfc062723c751e8b465ee728b)  -> (artifact id: '3ad9fff0ef80ea2a084f2fafcf03ff09') in 0.024611 seconds 
========================================================================
Received Import Request.
  Time since last request: 0.000019 seconds.
  path: Assets/WoodsLifestyle/Models/Props/Water/Jetty/JettiBoard_Turn_01_a.fbx
  artifactKey: Guid(2a67e57fee057594bab760d523cf6816) Importer(815301076,1909f56bfc062723c751e8b465ee728b)
Start importing Assets/WoodsLifestyle/Models/Props/Water/Jetty/JettiBoard_Turn_01_a.fbx using Guid(2a67e57fee057594bab760d523cf6816) Importer(815301076,1909f56bfc062723c751e8b465ee728b)  -> (artifact id: '99ddab4c5cd036e1107424d2b1d101d4') in 0.021568 seconds 
========================================================================
Received Import Request.
  Time since last request: 6.047752 seconds.
  path: Assets/WoodsLifestyle/Models/Cabins/Floors/DeckFloor_01.fbx
  artifactKey: Guid(a0627e1c173097f439a5f3073c5f7f27) Importer(815301076,1909f56bfc062723c751e8b465ee728b)
Start importing Assets/WoodsLifestyle/Models/Cabins/Floors/DeckFloor_01.fbx using Guid(a0627e1c173097f439a5f3073c5f7f27) Importer(815301076,1909f56bfc062723c751e8b465ee728b)  -> (artifact id: 'cdd264985cbde132490105d49d728a6c') in 0.104925 seconds 
========================================================================
Received Import Request.
  Time since last request: 1.375307 seconds.
  path: Assets/WoodsLifestyle/Models/Rocks/Rock_01_a.fbx
  artifactKey: Guid(134dbe6ed9bf2db4dad37b1db84e5160) Importer(815301076,1909f56bfc062723c751e8b465ee728b)
Start importing Assets/WoodsLifestyle/Models/Rocks/Rock_01_a.fbx using Guid(134dbe6ed9bf2db4dad37b1db84e5160) Importer(815301076,1909f56bfc062723c751e8b465ee728b)  -> (artifact id: '875adcc346b0fbcfd0d0fd93ce850777') in 0.029104 seconds 
========================================================================
Received Import Request.
  Time since last request: 0.000023 seconds.
  path: Assets/WoodsLifestyle/Models/Rocks/Rock_03_a.fbx
  artifactKey: Guid(b2f682c2245381543bff05a3b6217ffe) Importer(815301076,1909f56bfc062723c751e8b465ee728b)
Start importing Assets/WoodsLifestyle/Models/Rocks/Rock_03_a.fbx using Guid(b2f682c2245381543bff05a3b6217ffe) Importer(815301076,1909f56bfc062723c751e8b465ee728b)  -> (artifact id: '92eae368ace5553c21846701148e1469') in 0.034863 seconds 
========================================================================
Received Import Request.
  Time since last request: 0.000036 seconds.
  path: Assets/WoodsLifestyle/Models/Rocks/Rock_02_c.fbx
  artifactKey: Guid(62c344ec0aeeda348a453e242f824a66) Importer(815301076,1909f56bfc062723c751e8b465ee728b)
Start importing Assets/WoodsLifestyle/Models/Rocks/Rock_02_c.fbx using Guid(62c344ec0aeeda348a453e242f824a66) Importer(815301076,1909f56bfc062723c751e8b465ee728b)  -> (artifact id: '458a1fd8415939cafdb9d651e9a39fa5') in 0.030226 seconds 
========================================================================
Received Import Request.
  Time since last request: 0.000016 seconds.
  path: Assets/WoodsLifestyle/Models/Rocks/Rock_02_e.fbx
  artifactKey: Guid(5a16db2e3eb853f4994ce3c57bdf39c8) Importer(815301076,1909f56bfc062723c751e8b465ee728b)
Start importing Assets/WoodsLifestyle/Models/Rocks/Rock_02_e.fbx using Guid(5a16db2e3eb853f4994ce3c57bdf39c8) Importer(815301076,1909f56bfc062723c751e8b465ee728b)  -> (artifact id: 'c9f16e7d6e9d532a526c737c62768742') in 0.025482 seconds 
========================================================================
Received Import Request.
  Time since last request: 0.000028 seconds.
  path: Assets/WoodsLifestyle/Models/Rocks/RockBarrier_02_b.fbx
  artifactKey: Guid(6a9028da7ce8a8e4999992a085b55f03) Importer(815301076,1909f56bfc062723c751e8b465ee728b)
Start importing Assets/WoodsLifestyle/Models/Rocks/RockBarrier_02_b.fbx using Guid(6a9028da7ce8a8e4999992a085b55f03) Importer(815301076,1909f56bfc062723c751e8b465ee728b)  -> (artifact id: 'd870e5a755243d1af2f02ffdc65ddfa7') in 0.050721 seconds 
========================================================================
Received Import Request.
  Time since last request: 0.000021 seconds.
  path: Assets/WoodsLifestyle/Models/Rocks/Rock_03_c.fbx
  artifactKey: Guid(b90a50dc45489ba4282fbe4e8316a9e0) Importer(815301076,1909f56bfc062723c751e8b465ee728b)
Start importing Assets/WoodsLifestyle/Models/Rocks/Rock_03_c.fbx using Guid(b90a50dc45489ba4282fbe4e8316a9e0) Importer(815301076,1909f56bfc062723c751e8b465ee728b)  -> (artifact id: '536b5aa8b232723b0235a06c9568320d') in 0.067090 seconds 
========================================================================
Received Import Request.
  Time since last request: 1.293599 seconds.
  path: Assets/WoodsLifestyle/Models/Stairs_Ladders/Ladder_01.fbx
  artifactKey: Guid(0c22c55d826286441ba51b4263ab85ef) Importer(815301076,1909f56bfc062723c751e8b465ee728b)
Start importing Assets/WoodsLifestyle/Models/Stairs_Ladders/Ladder_01.fbx using Guid(0c22c55d826286441ba51b4263ab85ef) Importer(815301076,1909f56bfc062723c751e8b465ee728b)  -> (artifact id: '94763ce4e5f728663ce4b49dc5de6467') in 0.043940 seconds 
========================================================================
Received Prepare
Registering precompiled user dll's ...
Registered in 0.003145 seconds.
Begin MonoManager ReloadAssembly
Symbol file LoadedFromMemory doesn't match image E:\Silver\Documents\Unity Projects\My project (1)\Library\PackageCache\com.unity.visualscripting@1.8.0\Editor\VisualScripting.Core\Dependencies\YamlDotNet\Unity.VisualScripting.YamlDotNet.dll
Symbol file LoadedFromMemory doesn't match image E:\Silver\Documents\Unity Projects\My project (1)\Library\PackageCache\com.unity.visualscripting@1.8.0\Editor\VisualScripting.Core\Dependencies\DotNetZip\Unity.VisualScripting.IonicZip.dll
Native extension for WindowsStandalone target not found
Native extension for Android target not found
Refreshing native plugins compatible for Editor in 0.73 ms, found 3 plugins.
Preloading 0 native plugins for Editor in 0.00 ms.
Mono: successfully reloaded assembly
- Completed reload, in  1.004 seconds
Domain Reload Profiling:
	ReloadAssembly (1005ms)
		BeginReloadAssembly (197ms)
			ExecutionOrderSort (0ms)
			DisableScriptedObjects (4ms)
			BackupInstance (0ms)
			ReleaseScriptingObjects (0ms)
			CreateAndSetChildDomain (42ms)
		EndReloadAssembly (721ms)
			LoadAssemblies (164ms)
			RebuildTransferFunctionScriptingTraits (0ms)
			SetupTypeCache (264ms)
			ReleaseScriptCaches (2ms)
			RebuildScriptCaches (51ms)
			SetupLoadedEditorAssemblies (268ms)
				LogAssemblyErrors (0ms)
				InitializePlatformSupportModulesInManaged (18ms)
				SetLoadedEditorAssemblies (0ms)
				RefreshPlugins (1ms)
				BeforeProcessingInitializeOnLoad (48ms)
				ProcessInitializeOnLoadAttributes (182ms)
				ProcessInitializeOnLoadMethodAttributes (16ms)
				AfterProcessingInitializeOnLoad (3ms)
				EditorAssembliesLoaded (0ms)
			ExecutionOrderSort2 (0ms)
			AwakeInstancesAfterBackupRestoration (8ms)
Platform modules already initialized, skipping
Refreshing native plugins compatible for Editor in 1.68 ms, found 3 plugins.
Preloading 0 native plugins for Editor in 0.00 ms.
Unloading 3163 Unused Serialized files (Serialized files now loaded: 0)
Unloading 27 unused Assets / (1.2 MB). Loaded Objects now: 3690.
Memory consumption went from 134.0 MB to 132.8 MB.
Total: 3.026500 ms (FindLiveObjects: 0.198300 ms CreateObjectMapping: 0.090600 ms MarkObjects: 2.506600 ms  DeleteObjects: 0.230100 ms)

AssetImportParameters requested are different than current active one (requested -> active):
  custom:video-decoder-ogg-theora: a1e56fd34408186e4bbccfd4996cb3dc -> 
  custom:container-muxer-webm: aa71ff27fc2769a1b78a27578f13a17b -> 
  custom:container-demuxer-webm: 4f35f7cbe854078d1ac9338744f61a02 -> 
  custom:video-encoder-webm-vp8: eb34c28f22e8b96e1ab97ce403110664 -> 
  custom:audio-encoder-webm-vorbis: bf7c407c2cedff20999df2af8eb42d56 -> 
  custom:framework-win-MediaFoundation: 216162199b28c13a410421893ffa2e32 -> 
  custom:container-demuxer-ogg: 62fdf1f143b41e24485cea50d1cbac27 -> 
  custom:video-decoder-webm-vp8: 9c59270c3fd7afecdb556c50c9e8de78 -> 
  custom:audio-decoder-ogg-vorbis: bf7c407c2cedff20999df2af8eb42d56 -> 
========================================================================
Received Import Request.
  Time since last request: 51.665574 seconds.
  path: Assets/WoodsLifestyle/Models/Cabins/Roofs/Roof_01.fbx
  artifactKey: Guid(c61ae2e2134c98742a8f7ed18d09214e) Importer(815301076,1909f56bfc062723c751e8b465ee728b)
Start importing Assets/WoodsLifestyle/Models/Cabins/Roofs/Roof_01.fbx using Guid(c61ae2e2134c98742a8f7ed18d09214e) Importer(815301076,1909f56bfc062723c751e8b465ee728b)  -> (artifact id: '602d6b08d617fd1c1b0c8b0815f1387b') in 0.135804 seconds 
========================================================================
Received Import Request.
  Time since last request: 0.861936 seconds.
  path: Assets/WoodsLifestyle/Models/Cabins/Doors/Door_01.fbx
  artifactKey: Guid(8749eef9a4d2953449a2e8fee265df93) Importer(815301076,1909f56bfc062723c751e8b465ee728b)
Start importing Assets/WoodsLifestyle/Models/Cabins/Doors/Door_01.fbx using Guid(8749eef9a4d2953449a2e8fee265df93) Importer(815301076,1909f56bfc062723c751e8b465ee728b)  -> (artifact id: 'a9b3fa19e042db92b10f744140996eab') in 0.047919 seconds 
========================================================================
Received Import Request.
  Time since last request: 6.297845 seconds.
  path: Assets/Low Poly Environment Starter Kit/Prefabs/Standard/Trees/Pine 1.prefab
  artifactKey: Guid(3be3923ddd545164f8376f689eb7d410) Importer(815301076,1909f56bfc062723c751e8b465ee728b)
Start importing Assets/Low Poly Environment Starter Kit/Prefabs/Standard/Trees/Pine 1.prefab using Guid(3be3923ddd545164f8376f689eb7d410) Importer(815301076,1909f56bfc062723c751e8b465ee728b)  -> (artifact id: 'e567a3e3bf0026f35e9417aba374e0db') in 0.067565 seconds 
========================================================================
Received Import Request.
  Time since last request: 0.007900 seconds.
  path: Assets/Low Poly Environment Starter Kit/Prefabs/Standard/Trees/Pine 4.prefab
  artifactKey: Guid(efad0e27c216ffe46a97c381d7e1144b) Importer(815301076,1909f56bfc062723c751e8b465ee728b)
Start importing Assets/Low Poly Environment Starter Kit/Prefabs/Standard/Trees/Pine 4.prefab using Guid(efad0e27c216ffe46a97c381d7e1144b) Importer(815301076,1909f56bfc062723c751e8b465ee728b)  -> (artifact id: '527731db705dd52c23b1312647e8facf') in 0.135603 seconds 
========================================================================
Received Import Request.
  Time since last request: 0.000021 seconds.
  path: Assets/Low Poly Environment Starter Kit/Prefabs/Standard/Trees/Tree 2.prefab
  artifactKey: Guid(736efe72efede414a8955df0ee9aa2a4) Importer(815301076,1909f56bfc062723c751e8b465ee728b)
Start importing Assets/Low Poly Environment Starter Kit/Prefabs/Standard/Trees/Tree 2.prefab using Guid(736efe72efede414a8955df0ee9aa2a4) Importer(815301076,1909f56bfc062723c751e8b465ee728b)  -> (artifact id: '0617787268546f5f83620a34a787af21') in 0.066046 seconds 
========================================================================
Received Import Request.
  Time since last request: 0.004896 seconds.
  path: Assets/Low Poly Environment Starter Kit/Prefabs/Standard/Trees/Tree 5.prefab
  artifactKey: Guid(7a91bca74e8b8574dbb2ef5d02bd82c3) Importer(815301076,1909f56bfc062723c751e8b465ee728b)
Start importing Assets/Low Poly Environment Starter Kit/Prefabs/Standard/Trees/Tree 5.prefab using Guid(7a91bca74e8b8574dbb2ef5d02bd82c3) Importer(815301076,1909f56bfc062723c751e8b465ee728b)  -> (artifact id: 'e60abbf3b204373f5e5998fcbb470eab') in 0.043696 seconds 
Editor requested this worker to shutdown with reason: Scaling down because of idle timeout
AssetImportWorker is now disconnected from the server
Process exiting
Exiting without the bug reporter. Application will terminate with return code 0