Using pre-set license
Built from '2021.3/staging' branch; Version is '2021.3.26f1 (a16dc32e0ff2) revision 10579395'; Using compiler version '192829333'; Build Type 'Release'
OS: 'Windows 10  (10.0.19045) 64bit Core' Language: 'ru' Physical Memory: 16239 MB
BatchMode: 1, IsHumanControllingUs: 0, StartBugReporterOnCrash: 0, Is64bit: 1, IsPro: 1

COMMAND LINE ARGUMENTS:
E:\UnityHub\HubEditor\2021.3.26f1\Editor\Unity.exe
-adb2
-batchMode
-noUpm
-name
AssetImportWorker12
-projectPath
E:/Silver/Documents/Unity Projects/My project (1)
-logFile
Logs/AssetImportWorker12.log
-srvPort
63555
Successfully changed project path to: E:/Silver/Documents/Unity Projects/My project (1)
E:/Silver/Documents/Unity Projects/My project (1)
[UnityMemory] Configuration Parameters - Can be set up in boot.config
    "memorysetup-bucket-allocator-granularity=16"
    "memorysetup-bucket-allocator-bucket-count=8"
    "memorysetup-bucket-allocator-block-size=33554432"
    "memorysetup-bucket-allocator-block-count=8"
    "memorysetup-main-allocator-block-size=16777216"
    "memorysetup-thread-allocator-block-size=16777216"
    "memorysetup-gfx-main-allocator-block-size=16777216"
    "memorysetup-gfx-thread-allocator-block-size=16777216"
    "memorysetup-cache-allocator-block-size=4194304"
    "memorysetup-typetree-allocator-block-size=2097152"
    "memorysetup-profiler-bucket-allocator-granularity=16"
    "memorysetup-profiler-bucket-allocator-bucket-count=8"
    "memorysetup-profiler-bucket-allocator-block-size=33554432"
    "memorysetup-profiler-bucket-allocator-block-count=8"
    "memorysetup-profiler-allocator-block-size=16777216"
    "memorysetup-profiler-editor-allocator-block-size=1048576"
    "memorysetup-temp-allocator-size-main=16777216"
    "memorysetup-job-temp-allocator-block-size=2097152"
    "memorysetup-job-temp-allocator-block-size-background=1048576"
    "memorysetup-job-temp-allocator-reduction-small-platforms=262144"
    "memorysetup-temp-allocator-size-background-worker=32768"
    "memorysetup-temp-allocator-size-job-worker=262144"
    "memorysetup-temp-allocator-size-preload-manager=33554432"
    "memorysetup-temp-allocator-size-nav-mesh-worker=65536"
    "memorysetup-temp-allocator-size-audio-worker=65536"
    "memorysetup-temp-allocator-size-cloud-worker=32768"
    "memorysetup-temp-allocator-size-gi-baking-worker=262144"
    "memorysetup-temp-allocator-size-gfx=262144"
Player connection [3392] Host "[IP] 192.168.0.220 [Port] 0 [Flags] 2 [Guid] 411746228 [EditorId] 411746228 [Version] 1048832 [Id] WindowsEditor(7,DESKTOP-E6BA73Q) [Debug] 1 [PackageName] WindowsEditor [ProjectName] Editor" joined multi-casting on [225.0.0.222:54997]...

Player connection [3392] Host "[IP] 192.168.0.220 [Port] 0 [Flags] 2 [Guid] 411746228 [EditorId] 411746228 [Version] 1048832 [Id] WindowsEditor(7,DESKTOP-E6BA73Q) [Debug] 1 [PackageName] WindowsEditor [ProjectName] Editor" joined alternative multi-casting on [225.0.0.222:34997]...

Refreshing native plugins compatible for Editor in 61.34 ms, found 3 plugins.
Preloading 0 native plugins for Editor in 0.00 ms.
Initialize engine version: 2021.3.26f1 (a16dc32e0ff2)
[Subsystems] Discovering subsystems at path E:/UnityHub/HubEditor/2021.3.26f1/Editor/Data/Resources/UnitySubsystems
[Subsystems] Discovering subsystems at path E:/Silver/Documents/Unity Projects/My project (1)/Assets
GfxDevice: creating device client; threaded=0; jobified=0
Direct3D:
    Version:  Direct3D 11.0 [level 11.1]
    Renderer: NVIDIA GeForce GTX 970 (ID=0x13c2)
    Vendor:   NVIDIA
    VRAM:     4037 MB
    Driver:   31.0.15.3640
Initialize mono
Mono path[0] = 'E:/UnityHub/HubEditor/2021.3.26f1/Editor/Data/Managed'
Mono path[1] = 'E:/UnityHub/HubEditor/2021.3.26f1/Editor/Data/MonoBleedingEdge/lib/mono/unityjit-win32'
Mono config path = 'E:/UnityHub/HubEditor/2021.3.26f1/Editor/Data/MonoBleedingEdge/etc'
Using monoOptions --debugger-agent=transport=dt_socket,embedding=1,server=y,suspend=n,address=127.0.0.1:56600
Begin MonoManager ReloadAssembly
Registering precompiled unity dll's ...
Register platform support module: E:/UnityHub/HubEditor/2021.3.26f1/Editor/Data/PlaybackEngines/AndroidPlayer/UnityEditor.Android.Extensions.dll
Register platform support module: E:/UnityHub/HubEditor/2021.3.26f1/Editor/Data/PlaybackEngines/WindowsStandaloneSupport/UnityEditor.WindowsStandalone.Extensions.dll
Registered in 0.002145 seconds.
Native extension for WindowsStandalone target not found
Native extension for Android target not found
Android Extension - Scanning For ADB Devices 270 ms
Refreshing native plugins compatible for Editor in 64.80 ms, found 3 plugins.
Preloading 0 native plugins for Editor in 0.00 ms.
Mono: successfully reloaded assembly
- Completed reload, in  0.801 seconds
Domain Reload Profiling:
	ReloadAssembly (802ms)
		BeginReloadAssembly (85ms)
			ExecutionOrderSort (0ms)
			DisableScriptedObjects (0ms)
			BackupInstance (0ms)
			ReleaseScriptingObjects (0ms)
			CreateAndSetChildDomain (1ms)
		EndReloadAssembly (650ms)
			LoadAssemblies (86ms)
			RebuildTransferFunctionScriptingTraits (0ms)
			SetupTypeCache (87ms)
			ReleaseScriptCaches (0ms)
			RebuildScriptCaches (20ms)
			SetupLoadedEditorAssemblies (505ms)
				LogAssemblyErrors (0ms)
				InitializePlatformSupportModulesInManaged (341ms)
				SetLoadedEditorAssemblies (0ms)
				RefreshPlugins (65ms)
				BeforeProcessingInitializeOnLoad (1ms)
				ProcessInitializeOnLoadAttributes (63ms)
				ProcessInitializeOnLoadMethodAttributes (35ms)
				AfterProcessingInitializeOnLoad (0ms)
				EditorAssembliesLoaded (0ms)
			ExecutionOrderSort2 (0ms)
			AwakeInstancesAfterBackupRestoration (0ms)
Platform modules already initialized, skipping
Registering precompiled user dll's ...
Registered in 0.009874 seconds.
Begin MonoManager ReloadAssembly
Symbol file LoadedFromMemory doesn't match image E:\Silver\Documents\Unity Projects\My project (1)\Library\PackageCache\com.unity.visualscripting@1.8.0\Editor\VisualScripting.Core\Dependencies\YamlDotNet\Unity.VisualScripting.YamlDotNet.dll
Symbol file LoadedFromMemory doesn't match image E:\Silver\Documents\Unity Projects\My project (1)\Library\PackageCache\com.unity.visualscripting@1.8.0\Editor\VisualScripting.Core\Dependencies\DotNetZip\Unity.VisualScripting.IonicZip.dll
Native extension for WindowsStandalone target not found
Native extension for Android target not found
Refreshing native plugins compatible for Editor in 0.44 ms, found 3 plugins.
Preloading 0 native plugins for Editor in 0.00 ms.
Mono: successfully reloaded assembly
- Completed reload, in  0.780 seconds
Domain Reload Profiling:
	ReloadAssembly (780ms)
		BeginReloadAssembly (111ms)
			ExecutionOrderSort (0ms)
			DisableScriptedObjects (4ms)
			BackupInstance (0ms)
			ReleaseScriptingObjects (0ms)
			CreateAndSetChildDomain (16ms)
		EndReloadAssembly (573ms)
			LoadAssemblies (90ms)
			RebuildTransferFunctionScriptingTraits (0ms)
			SetupTypeCache (196ms)
			ReleaseScriptCaches (0ms)
			RebuildScriptCaches (35ms)
			SetupLoadedEditorAssemblies (256ms)
				LogAssemblyErrors (0ms)
				InitializePlatformSupportModulesInManaged (13ms)
				SetLoadedEditorAssemblies (0ms)
				RefreshPlugins (1ms)
				BeforeProcessingInitializeOnLoad (60ms)
				ProcessInitializeOnLoadAttributes (165ms)
				ProcessInitializeOnLoadMethodAttributes (15ms)
				AfterProcessingInitializeOnLoad (2ms)
				EditorAssembliesLoaded (0ms)
			ExecutionOrderSort2 (0ms)
			AwakeInstancesAfterBackupRestoration (5ms)
Platform modules already initialized, skipping
========================================================================
Worker process is ready to serve import requests
Launched and connected shader compiler UnityShaderCompiler.exe after 0.03 seconds
Refreshing native plugins compatible for Editor in 0.46 ms, found 3 plugins.
Preloading 0 native plugins for Editor in 0.00 ms.
Unloading 3198 Unused Serialized files (Serialized files now loaded: 0)
Unloading 34 unused Assets / (1.5 MB). Loaded Objects now: 3677.
Memory consumption went from 137.3 MB to 135.8 MB.
Total: 2.693800 ms (FindLiveObjects: 0.206700 ms CreateObjectMapping: 0.097600 ms MarkObjects: 2.197100 ms  DeleteObjects: 0.191700 ms)

AssetImportParameters requested are different than current active one (requested -> active):
  custom:video-decoder-ogg-theora: a1e56fd34408186e4bbccfd4996cb3dc -> 
  custom:container-muxer-webm: aa71ff27fc2769a1b78a27578f13a17b -> 
  custom:container-demuxer-webm: 4f35f7cbe854078d1ac9338744f61a02 -> 
  custom:video-encoder-webm-vp8: eb34c28f22e8b96e1ab97ce403110664 -> 
  custom:audio-encoder-webm-vorbis: bf7c407c2cedff20999df2af8eb42d56 -> 
  custom:framework-win-MediaFoundation: 216162199b28c13a410421893ffa2e32 -> 
  custom:container-demuxer-ogg: 62fdf1f143b41e24485cea50d1cbac27 -> 
  custom:video-decoder-webm-vp8: 9c59270c3fd7afecdb556c50c9e8de78 -> 
  custom:audio-decoder-ogg-vorbis: bf7c407c2cedff20999df2af8eb42d56 -> 
========================================================================
Received Import Request.
  Time since last request: 1130928.617300 seconds.
  path: Assets/WoodsLifestyle/Models/Cabins/Floors/Floor_01_a.fbx
  artifactKey: Guid(9afcc06a7f7bc7e43b66bd28f58639d8) Importer(815301076,1909f56bfc062723c751e8b465ee728b)
Start importing Assets/WoodsLifestyle/Models/Cabins/Floors/Floor_01_a.fbx using Guid(9afcc06a7f7bc7e43b66bd28f58639d8) Importer(815301076,1909f56bfc062723c751e8b465ee728b)  -> (artifact id: 'f383747012a150f09c596f8d50eb1fef') in 0.140409 seconds 
========================================================================
Received Import Request.
  Time since last request: 1.340509 seconds.
  path: Assets/WoodsLifestyle/Models/Rocks/Rock_01_b.fbx
  artifactKey: Guid(6f18c16613e7c6a44a09d898d02e933f) Importer(815301076,1909f56bfc062723c751e8b465ee728b)
Start importing Assets/WoodsLifestyle/Models/Rocks/Rock_01_b.fbx using Guid(6f18c16613e7c6a44a09d898d02e933f) Importer(815301076,1909f56bfc062723c751e8b465ee728b)  -> (artifact id: 'e2544b11f41465fce23351e67d5ac4df') in 0.038482 seconds 
========================================================================
Received Import Request.
  Time since last request: 0.000030 seconds.
  path: Assets/WoodsLifestyle/Models/Rocks/RockBarrier_01_a.fbx
  artifactKey: Guid(d12199290f759b14baafc15879f17198) Importer(815301076,1909f56bfc062723c751e8b465ee728b)
Start importing Assets/WoodsLifestyle/Models/Rocks/RockBarrier_01_a.fbx using Guid(d12199290f759b14baafc15879f17198) Importer(815301076,1909f56bfc062723c751e8b465ee728b)  -> (artifact id: 'c288b6af41dcf883d971762e95b1b2ed') in 0.033386 seconds 
========================================================================
Received Import Request.
  Time since last request: 0.000027 seconds.
  path: Assets/WoodsLifestyle/Models/Rocks/RockBarrier_02_a.fbx
  artifactKey: Guid(68f5029bea9fb1844a923c10a35f50a9) Importer(815301076,1909f56bfc062723c751e8b465ee728b)
Start importing Assets/WoodsLifestyle/Models/Rocks/RockBarrier_02_a.fbx using Guid(68f5029bea9fb1844a923c10a35f50a9) Importer(815301076,1909f56bfc062723c751e8b465ee728b)  -> (artifact id: '28a91b6a1ce4d05ea98b033ebb5ef363') in 0.100215 seconds 
========================================================================
Received Import Request.
  Time since last request: 0.000030 seconds.
  path: Assets/WoodsLifestyle/Models/Rocks/Rock_02_a.fbx
  artifactKey: Guid(ef055c2aa50ed0d45bd94546b973fdd0) Importer(815301076,1909f56bfc062723c751e8b465ee728b)
Start importing Assets/WoodsLifestyle/Models/Rocks/Rock_02_a.fbx using Guid(ef055c2aa50ed0d45bd94546b973fdd0) Importer(815301076,1909f56bfc062723c751e8b465ee728b)  -> (artifact id: '8534e1eb5fc7273c29de99501084b051') in 0.031317 seconds 
========================================================================
Received Import Request.
  Time since last request: 0.000022 seconds.
  path: Assets/WoodsLifestyle/Models/Rocks/Rock_02_b.fbx
  artifactKey: Guid(83f83f83c309b554394085851b06f2b5) Importer(815301076,1909f56bfc062723c751e8b465ee728b)
Start importing Assets/WoodsLifestyle/Models/Rocks/Rock_02_b.fbx using Guid(83f83f83c309b554394085851b06f2b5) Importer(815301076,1909f56bfc062723c751e8b465ee728b)  -> (artifact id: '7955b7cabb7db51341e76e64219128f2') in 0.050472 seconds 
========================================================================
Received Import Request.
  Time since last request: 1.280815 seconds.
  path: Assets/WoodsLifestyle/Models/Stairs_Ladders/Staircase_01.fbx
  artifactKey: Guid(279a9fc532b7d204db6e6e3f4bcfadb4) Importer(815301076,1909f56bfc062723c751e8b465ee728b)
Start importing Assets/WoodsLifestyle/Models/Stairs_Ladders/Staircase_01.fbx using Guid(279a9fc532b7d204db6e6e3f4bcfadb4) Importer(815301076,1909f56bfc062723c751e8b465ee728b)  -> (artifact id: '5ce03285c11e6b468a7a3c9180731b63') in 0.057123 seconds 
========================================================================
Received Prepare
Registering precompiled user dll's ...
Registered in 0.003561 seconds.
Begin MonoManager ReloadAssembly
Symbol file LoadedFromMemory doesn't match image E:\Silver\Documents\Unity Projects\My project (1)\Library\PackageCache\com.unity.visualscripting@1.8.0\Editor\VisualScripting.Core\Dependencies\YamlDotNet\Unity.VisualScripting.YamlDotNet.dll
Symbol file LoadedFromMemory doesn't match image E:\Silver\Documents\Unity Projects\My project (1)\Library\PackageCache\com.unity.visualscripting@1.8.0\Editor\VisualScripting.Core\Dependencies\DotNetZip\Unity.VisualScripting.IonicZip.dll
Native extension for WindowsStandalone target not found
Native extension for Android target not found
Refreshing native plugins compatible for Editor in 0.54 ms, found 3 plugins.
Preloading 0 native plugins for Editor in 0.00 ms.
Mono: successfully reloaded assembly
- Completed reload, in  0.979 seconds
Domain Reload Profiling:
	ReloadAssembly (980ms)
		BeginReloadAssembly (188ms)
			ExecutionOrderSort (0ms)
			DisableScriptedObjects (3ms)
			BackupInstance (0ms)
			ReleaseScriptingObjects (0ms)
			CreateAndSetChildDomain (35ms)
		EndReloadAssembly (706ms)
			LoadAssemblies (165ms)
			RebuildTransferFunctionScriptingTraits (0ms)
			SetupTypeCache (265ms)
			ReleaseScriptCaches (2ms)
			RebuildScriptCaches (49ms)
			SetupLoadedEditorAssemblies (260ms)
				LogAssemblyErrors (0ms)
				InitializePlatformSupportModulesInManaged (17ms)
				SetLoadedEditorAssemblies (0ms)
				RefreshPlugins (1ms)
				BeforeProcessingInitializeOnLoad (46ms)
				ProcessInitializeOnLoadAttributes (174ms)
				ProcessInitializeOnLoadMethodAttributes (18ms)
				AfterProcessingInitializeOnLoad (3ms)
				EditorAssembliesLoaded (0ms)
			ExecutionOrderSort2 (0ms)
			AwakeInstancesAfterBackupRestoration (7ms)
Platform modules already initialized, skipping
Refreshing native plugins compatible for Editor in 2.49 ms, found 3 plugins.
Preloading 0 native plugins for Editor in 0.00 ms.
Unloading 3163 Unused Serialized files (Serialized files now loaded: 0)
Unloading 27 unused Assets / (1.2 MB). Loaded Objects now: 3690.
Memory consumption went from 134.0 MB to 132.8 MB.
Total: 3.001900 ms (FindLiveObjects: 0.381900 ms CreateObjectMapping: 0.195600 ms MarkObjects: 2.178300 ms  DeleteObjects: 0.244100 ms)

AssetImportParameters requested are different than current active one (requested -> active):
  custom:video-decoder-ogg-theora: a1e56fd34408186e4bbccfd4996cb3dc -> 
  custom:container-muxer-webm: aa71ff27fc2769a1b78a27578f13a17b -> 
  custom:container-demuxer-webm: 4f35f7cbe854078d1ac9338744f61a02 -> 
  custom:video-encoder-webm-vp8: eb34c28f22e8b96e1ab97ce403110664 -> 
  custom:audio-encoder-webm-vorbis: bf7c407c2cedff20999df2af8eb42d56 -> 
  custom:framework-win-MediaFoundation: 216162199b28c13a410421893ffa2e32 -> 
  custom:container-demuxer-ogg: 62fdf1f143b41e24485cea50d1cbac27 -> 
  custom:video-decoder-webm-vp8: 9c59270c3fd7afecdb556c50c9e8de78 -> 
  custom:audio-decoder-ogg-vorbis: bf7c407c2cedff20999df2af8eb42d56 -> 
========================================================================
Received Import Request.
  Time since last request: 51.652677 seconds.
  path: Assets/WoodsLifestyle/Models/Cabins/Roofs/Roof_01_a.fbx
  artifactKey: Guid(1aff882aa2688ae43bbda7951a2735cc) Importer(815301076,1909f56bfc062723c751e8b465ee728b)
Start importing Assets/WoodsLifestyle/Models/Cabins/Roofs/Roof_01_a.fbx using Guid(1aff882aa2688ae43bbda7951a2735cc) Importer(815301076,1909f56bfc062723c751e8b465ee728b)  -> (artifact id: '0c058285cf47cb850ef95f7d180e081f') in 0.105689 seconds 
========================================================================
Received Import Request.
  Time since last request: 0.890782 seconds.
  path: Assets/WoodsLifestyle/Models/Cabins/Doors/Door_02.fbx
  artifactKey: Guid(3f90b242017de254e85f812d438ffec9) Importer(815301076,1909f56bfc062723c751e8b465ee728b)
Start importing Assets/WoodsLifestyle/Models/Cabins/Doors/Door_02.fbx using Guid(3f90b242017de254e85f812d438ffec9) Importer(815301076,1909f56bfc062723c751e8b465ee728b)  -> (artifact id: '40ce279495f171e4372cb86d2eac2b22') in 0.042288 seconds 
========================================================================
Received Import Request.
  Time since last request: 6.306593 seconds.
  path: Assets/Low Poly Environment Starter Kit/Prefabs/Standard/Trees/Pine 2.prefab
  artifactKey: Guid(8f9ba795b7b2cc447a11bc8f5d525f38) Importer(815301076,1909f56bfc062723c751e8b465ee728b)
Start importing Assets/Low Poly Environment Starter Kit/Prefabs/Standard/Trees/Pine 2.prefab using Guid(8f9ba795b7b2cc447a11bc8f5d525f38) Importer(815301076,1909f56bfc062723c751e8b465ee728b)  -> (artifact id: '09c922a9521494a405d136a35622212b') in 0.063720 seconds 
========================================================================
Received Import Request.
  Time since last request: 0.032297 seconds.
  path: Assets/Low Poly Environment Starter Kit/Prefabs/Standard/Trees/Pine 5.prefab
  artifactKey: Guid(d2c01e12643106a429a67af5d844dc1b) Importer(815301076,1909f56bfc062723c751e8b465ee728b)
Start importing Assets/Low Poly Environment Starter Kit/Prefabs/Standard/Trees/Pine 5.prefab using Guid(d2c01e12643106a429a67af5d844dc1b) Importer(815301076,1909f56bfc062723c751e8b465ee728b)  -> (artifact id: 'f120b62849a25457a2cf06a8cd57368e') in 0.140029 seconds 
========================================================================
Received Import Request.
  Time since last request: 0.019961 seconds.
  path: Assets/Low Poly Environment Starter Kit/Prefabs/Standard/Trees/Tree 4.prefab
  artifactKey: Guid(a2c07a2bddba80b44ac36073469e5477) Importer(815301076,1909f56bfc062723c751e8b465ee728b)
Start importing Assets/Low Poly Environment Starter Kit/Prefabs/Standard/Trees/Tree 4.prefab using Guid(a2c07a2bddba80b44ac36073469e5477) Importer(815301076,1909f56bfc062723c751e8b465ee728b)  -> (artifact id: '416f5099885a782b536bedfc99b3b7ae') in 0.052258 seconds 
========================================================================
Received Import Request.
  Time since last request: 0.000030 seconds.
  path: Assets/Low Poly Environment Starter Kit/Prefabs/Standard/Trees/Tree 8.prefab
  artifactKey: Guid(e4a0e1853706c7246a1d8292ced46058) Importer(815301076,1909f56bfc062723c751e8b465ee728b)
Start importing Assets/Low Poly Environment Starter Kit/Prefabs/Standard/Trees/Tree 8.prefab using Guid(e4a0e1853706c7246a1d8292ced46058) Importer(815301076,1909f56bfc062723c751e8b465ee728b)  -> (artifact id: '1e012892ee95cc514a3f9652367f2505') in 0.104066 seconds 
========================================================================
Received Import Request.
  Time since last request: 80.381050 seconds.
  path: Assets/WoodsLifestyle/Models/Logs_Wood/FireWood_01.fbx
  artifactKey: Guid(bb47b2717c7c4874786ddfa976e2d091) Importer(815301076,1909f56bfc062723c751e8b465ee728b)
Start importing Assets/WoodsLifestyle/Models/Logs_Wood/FireWood_01.fbx using Guid(bb47b2717c7c4874786ddfa976e2d091) Importer(815301076,1909f56bfc062723c751e8b465ee728b)  -> (artifact id: 'cde0054a1da66c6c7b7929ead338046f') in 0.036754 seconds 
========================================================================
Received Import Request.
  Time since last request: 0.000023 seconds.
  path: Assets/WoodsLifestyle/Models/Logs_Wood/LogHeap_01_b.fbx
  artifactKey: Guid(b69b231b6ce3a37418c87345ba8cee59) Importer(815301076,1909f56bfc062723c751e8b465ee728b)
Start importing Assets/WoodsLifestyle/Models/Logs_Wood/LogHeap_01_b.fbx using Guid(b69b231b6ce3a37418c87345ba8cee59) Importer(815301076,1909f56bfc062723c751e8b465ee728b)  -> (artifact id: 'f665e30ba42e53c587be04a4488c51d7') in 0.047606 seconds 
========================================================================
Received Import Request.
  Time since last request: 0.000024 seconds.
  path: Assets/WoodsLifestyle/Models/Logs_Wood/LogHeap_01_a.fbx
  artifactKey: Guid(76b05828dbaaacc48bc2fdc16213fb4c) Importer(815301076,1909f56bfc062723c751e8b465ee728b)
Start importing Assets/WoodsLifestyle/Models/Logs_Wood/LogHeap_01_a.fbx using Guid(76b05828dbaaacc48bc2fdc16213fb4c) Importer(815301076,1909f56bfc062723c751e8b465ee728b)  -> (artifact id: 'b719d54250e6c3571e3af143b42f59dc') in 0.043595 seconds 
Editor requested this worker to shutdown with reason: Scaling down because of idle timeout
AssetImportWorker is now disconnected from the server
Process exiting
Exiting without the bug reporter. Application will terminate with return code 0